<?xml version="1.0" ?>
<!DOCTYPE coverage SYSTEM "http://cobertura.sourceforge.net/xml/coverage-04.dtd">
<coverage lines-valid="40" lines-covered="29" line-rate="0.725" branches-valid="40" branches-covered="17" branch-rate="0.425" timestamp="1517913381635" complexity="0" version="0.1">
  <sources>
    <source>/Users/jeremiezarca/Desktop/Enablon/vue-ts-boilerplate</source>
  </sources>
  <packages>
    <package name="components.Hello" line-rate="0.8056" branch-rate="0.4722">
      <classes>
        <class name="index.vue" filename="src/components/Hello/index.vue" line-rate="0.8056" branch-rate="0.4722">
          <methods>
            <method name="(anonymous_0)" hits="2" signature="()V">
              <lines>
                <line number="1" hits="2"/>
              </lines>
            </method>
            <method name="(anonymous_1)" hits="0" signature="()V">
              <lines>
                <line number="3" hits="0"/>
              </lines>
            </method>
            <method name="(anonymous_2)" hits="0" signature="()V">
              <lines>
                <line number="4" hits="0"/>
              </lines>
            </method>
            <method name="(anonymous_3)" hits="2" signature="()V">
              <lines>
                <line number="5" hits="2"/>
              </lines>
            </method>
            <method name="__" hits="2" signature="()V">
              <lines>
                <line number="7" hits="2"/>
              </lines>
            </method>
            <method name="(anonymous_5)" hits="2" signature="()V">
              <lines>
                <line number="11" hits="2"/>
              </lines>
            </method>
            <method name="(anonymous_6)" hits="2" signature="()V">
              <lines>
                <line number="21" hits="2"/>
              </lines>
            </method>
            <method name="Hello" hits="6" signature="()V">
              <lines>
                <line number="23" hits="6"/>
              </lines>
            </method>
            <method name="(anonymous_8)" hits="6" signature="()V">
              <lines>
                <line number="28" hits="6"/>
              </lines>
            </method>
            <method name="(anonymous_9)" hits="0" signature="()V">
              <lines>
                <line number="35" hits="0"/>
              </lines>
            </method>
            <method name="(anonymous_10)" hits="0" signature="()V">
              <lines>
                <line number="41" hits="0"/>
              </lines>
            </method>
            <method name="(anonymous_11)" hits="0" signature="()V">
              <lines>
                <line number="45" hits="0"/>
              </lines>
            </method>
            <method name="(anonymous_12)" hits="0" signature="()V">
              <lines>
                <line number="49" hits="0"/>
              </lines>
            </method>
            <method name="(anonymous_13)" hits="0" signature="()V">
              <lines>
                <line number="54" hits="0"/>
              </lines>
            </method>
            <method name="(anonymous_14)" hits="0" signature="()V">
              <lines>
                <line number="57" hits="0"/>
              </lines>
            </method>
            <method name="(anonymous_15)" hits="0" signature="()V">
              <lines>
                <line number="60" hits="0"/>
              </lines>
            </method>
          </methods>
          <lines>
            <line number="1" hits="1" branch="true" condition-coverage="66.66666666666666% (2/3)"/>
            <line number="2" hits="1" branch="true" condition-coverage="25% (1/4)"/>
            <line number="3" hits="0" branch="false"/>
            <line number="4" hits="1" branch="true" condition-coverage="0% (0/2)"/>
            <line number="5" hits="2" branch="false"/>
            <line number="6" hits="2" branch="false"/>
            <line number="7" hits="2" branch="false"/>
            <line number="8" hits="1" branch="true" condition-coverage="50% (1/2)"/>
            <line number="11" hits="2" branch="true" condition-coverage="66.66666666666666% (2/3)"/>
            <line number="12" hits="2" branch="true" condition-coverage="25% (1/4)"/>
            <line number="13" hits="2" branch="true" condition-coverage="75% (3/4)"/>
            <line number="14" hits="4" branch="true" condition-coverage="37.5% (3/8)"/>
            <line number="15" hits="4" branch="true" condition-coverage="33.33333333333333% (1/3)"/>
            <line number="21" hits="1" branch="false"/>
            <line number="22" hits="1" branch="false"/>
            <line number="24" hits="4" branch="true" condition-coverage="100% (3/3)"/>
            <line number="25" hits="3" branch="false"/>
            <line number="26" hits="1" branch="false"/>
            <line number="28" hits="1" branch="false"/>
            <line number="29" hits="4" branch="false"/>
            <line number="30" hits="3" branch="false"/>
            <line number="37" hits="1" branch="false"/>
            <line number="42" hits="0" branch="false"/>
            <line number="45" hits="2" branch="false"/>
            <line number="46" hits="0" branch="false"/>
            <line number="47" hits="1" branch="false"/>
            <line number="49" hits="2" branch="false"/>
            <line number="50" hits="0" branch="false"/>
            <line number="54" hits="1" branch="false"/>
            <line number="55" hits="0" branch="false"/>
            <line number="57" hits="1" branch="false"/>
            <line number="58" hits="0" branch="false"/>
            <line number="60" hits="1" branch="false"/>
            <line number="61" hits="0" branch="false"/>
            <line number="63" hits="1" branch="false"/>
            <line number="66" hits="1" branch="false"/>
          </lines>
        </class>
      </classes>
    </package>
    <package name="router" line-rate="0" branch-rate="0">
      <classes>
        <class name="index.js" filename="src/router/index.js" line-rate="0" branch-rate="0">
          <methods>
            <method name="_interopRequireDefault" hits="0" signature="()V">
              <lines>
                <line number="3" hits="0"/>
              </lines>
            </method>
          </methods>
          <lines>
            <line number="1" hits="0" branch="false"/>
            <line number="2" hits="0" branch="false"/>
            <line number="3" hits="0" branch="true" condition-coverage="0% (0/4)"/>
            <line number="4" hits="0" branch="false"/>
          </lines>
        </class>
      </classes>
    </package>
  </packages>
</coverage>
